-------------------------------------------------------------------------------
Test set: OperationsTests
-------------------------------------------------------------------------------
Tests run: 1, Failures: 1, Errors: 0, Skipped: 0, Time elapsed: 0.017 s <<< FAILURE! - in OperationsTests
SumWhenIsOddX  Time elapsed: 0.007 s  <<< FAILURE!
org.opentest4j.AssertionFailedError: expected: <false> but was: <true>
	at OperationsTests.SumWhenIsOddX(OperationsTests.java:56)

